1643879948426	geckodriver	INFO	Listening on 127.0.0.1:56642
1643879948946	mozrunner::runner	INFO	Running command: "/Applications/Firefox.app/Contents/MacOS/firefox-bin" "--marionette" "--remote-debugging-port" "56643" "-foreground" "-no-remote" "-profile" "/var/folders/bl/jpzyngn50wvc312yt2__7b7c0000gp/T/rust_mozprofilextgWLJ"
1643879949374	Marionette	INFO	Marionette enabled
UNSUPPORTED (log once): POSSIBLE ISSUE: unit 1 GLD_TEXTURE_INDEX_2D is unloadable and bound to sampler type (Float) - using zero texture because texture unloadable
console.warn: SearchSettings: "get: No settings file exists, new profile?" (new NotFoundError("Could not open the file at /var/folders/bl/jpzyngn50wvc312yt2__7b7c0000gp/T/rust_mozprofilextgWLJ/search.json.mozlz4", (void 0)))
console.error: BackgroundUpdate: 
  _reasonsToNotScheduleUpdates: Failed to check for Maintenance Service Registry Key: [Exception... "Component returned failure code: 0x80004001 (NS_ERROR_NOT_IMPLEMENTED) [nsIUpdateProcessor.getServiceRegKeyExists]"  nsresult: "0x80004001 (NS_ERROR_NOT_IMPLEMENTED)"  location: "JS frame :: resource://gre/modules/BackgroundUpdate.jsm :: _reasonsToNotScheduleUpdates :: line 243"  data: no]
DevTools listening on ws://localhost:56643/devtools/browser/fb0162a0-3d04-4a88-af3e-83fbb089496e
1643879950290	Marionette	INFO	Listening on port 56650
1643879950397	RemoteAgent	WARN	TLS certificate errors will be ignored for this session
JavaScript warning: https://stepik.org/static/frontend-build/vendor.js?v=1643648427, line 6082: unreachable code after return statement
JavaScript error: https://stepik.org/static/frontend-build/vendor.js?v=1643648427, line 5900: Error: Expected: '<assignment:568645>' to be present in the adapter provided payload, but it was not found.
JavaScript warning: https://mc.yandex.ru/metrika/tag.js, line 11: WEBGL_debug_renderer_info is deprecated in Firefox and will be removed. Please use RENDERER.
1643879963911	Marionette	INFO	Stopped listening on port 56650
console.error: services.settings: 
  main/query-stripping Signature failed  TypeError: NetworkError: Network request failed
console.warn: TopSitesFeed: Failed to fetch data from Contile server: NetworkError when attempting to fetch resource.
1643880336238	geckodriver	INFO	Listening on 127.0.0.1:56810
1643880336243	mozrunner::runner	INFO	Running command: "/Applications/Firefox.app/Contents/MacOS/firefox-bin" "--marionette" "--remote-debugging-port" "56811" "-foreground" "-no-remote" "-profile" "/var/folders/bl/jpzyngn50wvc312yt2__7b7c0000gp/T/rust_mozprofilejpUnAX"
1643880336494	Marionette	INFO	Marionette enabled
UNSUPPORTED (log once): POSSIBLE ISSUE: unit 1 GLD_TEXTURE_INDEX_2D is unloadable and bound to sampler type (Float) - using zero texture because texture unloadable
console.warn: SearchSettings: "get: No settings file exists, new profile?" (new NotFoundError("Could not open the file at /var/folders/bl/jpzyngn50wvc312yt2__7b7c0000gp/T/rust_mozprofilejpUnAX/search.json.mozlz4", (void 0)))
console.error: BackgroundUpdate: 
  _reasonsToNotScheduleUpdates: Failed to check for Maintenance Service Registry Key: [Exception... "Component returned failure code: 0x80004001 (NS_ERROR_NOT_IMPLEMENTED) [nsIUpdateProcessor.getServiceRegKeyExists]"  nsresult: "0x80004001 (NS_ERROR_NOT_IMPLEMENTED)"  location: "JS frame :: resource://gre/modules/BackgroundUpdate.jsm :: _reasonsToNotScheduleUpdates :: line 243"  data: no]
DevTools listening on ws://localhost:56811/devtools/browser/e37c6f7e-8e73-4cb7-94b9-e462f4bb3e36
1643880337341	Marionette	INFO	Listening on port 56816
1643880337401	RemoteAgent	WARN	TLS certificate errors will be ignored for this session
console.warn: LoginRecipes: "getRecipes: falling back to a synchronous message for:" "http://suninjuly.github.io"
1643880339053	Marionette	INFO	Stopped listening on port 56816
console.error: services.settings: 
  main/query-stripping Signature failed  TypeError: NetworkError: Network request failed
1643880807226	geckodriver	INFO	Listening on 127.0.0.1:56929
1643880807748	mozrunner::runner	INFO	Running command: "/Applications/Firefox.app/Contents/MacOS/firefox-bin" "--marionette" "--remote-debugging-port" "56930" "-foreground" "-no-remote" "-profile" "/var/folders/bl/jpzyngn50wvc312yt2__7b7c0000gp/T/rust_mozprofile16a1pA"
1643880808063	Marionette	INFO	Marionette enabled
UNSUPPORTED (log once): POSSIBLE ISSUE: unit 1 GLD_TEXTURE_INDEX_2D is unloadable and bound to sampler type (Float) - using zero texture because texture unloadable
console.warn: SearchSettings: "get: No settings file exists, new profile?" (new NotFoundError("Could not open the file at /var/folders/bl/jpzyngn50wvc312yt2__7b7c0000gp/T/rust_mozprofile16a1pA/search.json.mozlz4", (void 0)))
console.error: BackgroundUpdate: 
  _reasonsToNotScheduleUpdates: Failed to check for Maintenance Service Registry Key: [Exception... "Component returned failure code: 0x80004001 (NS_ERROR_NOT_IMPLEMENTED) [nsIUpdateProcessor.getServiceRegKeyExists]"  nsresult: "0x80004001 (NS_ERROR_NOT_IMPLEMENTED)"  location: "JS frame :: resource://gre/modules/BackgroundUpdate.jsm :: _reasonsToNotScheduleUpdates :: line 243"  data: no]
DevTools listening on ws://localhost:56930/devtools/browser/b388948d-dbde-4105-ad4a-38ab17035c42
1643880809045	Marionette	INFO	Listening on port 56937
1643880809112	RemoteAgent	WARN	TLS certificate errors will be ignored for this session
console.warn: LoginRecipes: "getRecipes: falling back to a synchronous message for:" "http://suninjuly.github.io"
1643880810482	Marionette	INFO	Stopped listening on port 56937

###!!! [Parent][RunMessage] Error: Channel closing: too late to send/recv, messages will be lost

1644239528543	geckodriver	INFO	Listening on 127.0.0.1:51422
1644239529069	mozrunner::runner	INFO	Running command: "/Applications/Firefox.app/Contents/MacOS/firefox-bin" "--marionette" "--remote-debugging-port" "51423" "-foreground" "-no-remote" "-profile" "/var/folders/bl/jpzyngn50wvc312yt2__7b7c0000gp/T/rust_mozprofilelozRa5"
1644239529442	Marionette	INFO	Marionette enabled
UNSUPPORTED (log once): POSSIBLE ISSUE: unit 1 GLD_TEXTURE_INDEX_2D is unloadable and bound to sampler type (Float) - using zero texture because texture unloadable
console.warn: SearchSettings: "get: No settings file exists, new profile?" (new NotFoundError("Could not open the file at /var/folders/bl/jpzyngn50wvc312yt2__7b7c0000gp/T/rust_mozprofilelozRa5/search.json.mozlz4", (void 0)))
console.error: BackgroundUpdate: 
  _reasonsToNotScheduleUpdates: Failed to check for Maintenance Service Registry Key: [Exception... "Component returned failure code: 0x80004001 (NS_ERROR_NOT_IMPLEMENTED) [nsIUpdateProcessor.getServiceRegKeyExists]"  nsresult: "0x80004001 (NS_ERROR_NOT_IMPLEMENTED)"  location: "JS frame :: resource://gre/modules/BackgroundUpdate.jsm :: _reasonsToNotScheduleUpdates :: line 243"  data: no]
DevTools listening on ws://localhost:51423/devtools/browser/27edb94a-ff37-49d8-b3df-8dd72cc97ac5
1644239530410	Marionette	INFO	Listening on port 51430
1644239530435	RemoteAgent	WARN	TLS certificate errors will be ignored for this session
console.warn: LoginRecipes: "getRecipes: falling back to a synchronous message for:" "http://suninjuly.github.io"
1644239532035	Marionette	INFO	Stopped listening on port 51430
console.error: services.settings: 
  main/query-stripping Signature failed  TypeError: NetworkError: Network request failed

###!!! [Parent][RunMessage] Error: Channel closing: too late to send/recv, messages will be lost

